Added Component: Designator=C14(0402-a)
Added Component: Designator=C17(0402-a)
Added Component: Designator=C19(0402-A)
Added Component: Designator=R1(0402-A)
Added Component: Designator=R2(0402-A)
Added Component: Designator=R3(0402-A)
Added Pin To Net: NetName=VDD_NRF Pin=C14-1
Added Pin To Net: NetName=GND Pin=C14-2
Added Pin To Net: NetName=VDD_NRF Pin=C17-1
Added Pin To Net: NetName=GND Pin=C17-2
Added Pin To Net: NetName=GND Pin=C19-1
Added Pin To Net: NetName=VDD_NRF Pin=C19-2
Added Pin To Net: NetName=P0.12 Pin=R1-1
Added Pin To Net: NetName=VDD_NRF Pin=R1-2
Added Pin To Net: NetName=VDD_NRF Pin=R2-1
Added Pin To Net: NetName=P0.13 Pin=R2-2
Added Pin To Net: NetName=NetR3_1 Pin=R3-1
Added Pin To Net: NetName=GND Pin=R3-2
Added Member To Class: ClassName=nrf52840 Member=Component C14 100nF
Added Member To Class: ClassName=nrf52840 Member=Component C15 2.2nf
Added Member To Class: ClassName=nrf52840 Member=Component C16 0.1uF
Added Member To Class: ClassName=nrf52840 Member=Component C17 100nF
Added Member To Class: ClassName=nrf52840 Member=Component C19 0.1uF
Added Member To Class: ClassName=nrf52840 Member=Component R1 4.7K
Added Member To Class: ClassName=nrf52840 Member=Component R2 4.7K
Added Member To Class: ClassName=nrf52840 Member=Component R3 4.7K
Added Room: Name=nrf52840
