Added Component: Designator=C1(0603)
Added Component: Designator=C2(0402)
Added Component: Designator=C3(0603)
Added Component: Designator=C4(0402)
Added Component: Designator=C5(0402)
Added Component: Designator=C6(0603)
Added Component: Designator=C7(0603)
Added Component: Designator=C8(0402)
Added Component: Designator=C9(0402)
Added Component: Designator=C10(0402)
Added Component: Designator=C11(0402)
Added Component: Designator=C12(0402)
Added Component: Designator=C13(0603)
Added Component: Designator=C14(0603)
Added Component: Designator=C15(0603)
Added Component: Designator=C16(0603)
Added Component: Designator=C17(0603)
Added Component: Designator=L1(0402)
Added Component: Designator=P1(HDR1X2)
Added Component: Designator=P2(HDR1X4)
Added Component: Designator=U1(bma250e)
Added Component: Designator=U2(AQFN50P700X700X85_HS-74N)
Added Component: Designator=X1(SMD3225)
Added Pin To Net: NetName=DEC1 Pin=C5-1
Added Pin To Net: NetName=DEC1 Pin=U2-C1
Added Net: Name=DEC1
Added Pin To Net: NetName=DEC3 Pin=C8-1
Added Pin To Net: NetName=DEC3 Pin=U2-D23
Added Net: Name=DEC3
Added Pin To Net: NetName=DEC4_6 Pin=C1-2
Added Pin To Net: NetName=DEC4_6 Pin=C9-2
Added Pin To Net: NetName=DEC4_6 Pin=U2-B5
Added Pin To Net: NetName=DEC4_6 Pin=U2-E24
Added Net: Name=DEC4_6
Added Pin To Net: NetName=GND Pin=C1-1
Added Pin To Net: NetName=GND Pin=C2-2
Added Pin To Net: NetName=GND Pin=C3-2
Added Pin To Net: NetName=GND Pin=C4-2
Added Pin To Net: NetName=GND Pin=C5-2
Added Pin To Net: NetName=GND Pin=C6-2
Added Pin To Net: NetName=GND Pin=C7-2
Added Pin To Net: NetName=GND Pin=C8-2
Added Pin To Net: NetName=GND Pin=C9-1
Added Pin To Net: NetName=GND Pin=C10-1
Added Pin To Net: NetName=GND Pin=C11-1
Added Pin To Net: NetName=GND Pin=C12-2
Added Pin To Net: NetName=GND Pin=C13-2
Added Pin To Net: NetName=GND Pin=C14-1
Added Pin To Net: NetName=GND Pin=C15-2
Added Pin To Net: NetName=GND Pin=C16-2
Added Pin To Net: NetName=GND Pin=C17-2
Added Pin To Net: NetName=GND Pin=P1-1
Added Pin To Net: NetName=GND Pin=P2-1
Added Pin To Net: NetName=GND Pin=U1-1
Added Pin To Net: NetName=GND Pin=U1-4
Added Pin To Net: NetName=GND Pin=U1-8
Added Pin To Net: NetName=GND Pin=U1-9
Added Pin To Net: NetName=GND Pin=U2-74
Added Pin To Net: NetName=GND Pin=U2-AD2
Added Pin To Net: NetName=GND Pin=U2-B7
Added Pin To Net: NetName=GND Pin=U2-F23
Added Pin To Net: NetName=GND Pin=X1-2
Added Pin To Net: NetName=GND Pin=X1-4
Added Net: Name=GND
Added Pin To Net: NetName=NetC3_1 Pin=C3-1
Added Pin To Net: NetName=NetC3_1 Pin=U2-A18
Added Net: Name=NetC3_1
Added Pin To Net: NetName=NetC10_2 Pin=C10-2
Added Pin To Net: NetName=NetC10_2 Pin=L1-1
Added Pin To Net: NetName=NetC10_2 Pin=U2-H23
Added Net: Name=NetC10_2
Added Pin To Net: NetName=NetC12_1 Pin=C12-1
Added Pin To Net: NetName=NetC12_1 Pin=U2-N24
Added Net: Name=NetC12_1
Added Pin To Net: NetName=P0.02/AIN0 Pin=U2-A12
Added Net: Name=P0.02/AIN0
Added Pin To Net: NetName=P0.03/AIN1 Pin=U2-B13
Added Net: Name=P0.03/AIN1
Added Pin To Net: NetName=P0.04/AIN2 Pin=U2-J1
Added Net: Name=P0.04/AIN2
Added Pin To Net: NetName=P0.05/AIN3 Pin=U2-K2
Added Net: Name=P0.05/AIN3
Added Pin To Net: NetName=P0.06 Pin=U2-L1
Added Net: Name=P0.06
Added Pin To Net: NetName=P0.07 Pin=U2-M2
Added Net: Name=P0.07
Added Pin To Net: NetName=P0.08 Pin=U2-N1
Added Net: Name=P0.08
Added Pin To Net: NetName=P0.09/NFC1 Pin=U2-L24
Added Net: Name=P0.09/NFC1
Added Pin To Net: NetName=P0.10/NFC2 Pin=U2-J24
Added Net: Name=P0.10/NFC2
Added Pin To Net: NetName=P0.11 Pin=U2-T2
Added Net: Name=P0.11
Added Pin To Net: NetName=P0.12 Pin=U1-2
Added Pin To Net: NetName=P0.12 Pin=U2-U1
Added Net: Name=P0.12
Added Pin To Net: NetName=P0.13 Pin=U1-12
Added Pin To Net: NetName=P0.13 Pin=U2-AD8
Added Net: Name=P0.13
Added Pin To Net: NetName=P0.14 Pin=U1-5
Added Pin To Net: NetName=P0.14 Pin=U2-AC9
Added Net: Name=P0.14
Added Pin To Net: NetName=P0.15 Pin=U2-AD10
Added Net: Name=P0.15
Added Pin To Net: NetName=P0.16 Pin=U2-AC11
Added Net: Name=P0.16
Added Pin To Net: NetName=P0.17 Pin=U2-AD12
Added Net: Name=P0.17
Added Pin To Net: NetName=P0.18/RESET Pin=U2-AC13
Added Net: Name=P0.18/RESET
Added Pin To Net: NetName=P0.19 Pin=U2-AC15
Added Net: Name=P0.19
Added Pin To Net: NetName=P0.20 Pin=U2-AD16
Added Net: Name=P0.20
Added Pin To Net: NetName=P0.21 Pin=U2-AC17
Added Net: Name=P0.21
Added Pin To Net: NetName=P0.22 Pin=U2-AD18
Added Net: Name=P0.22
Added Pin To Net: NetName=P0.23 Pin=U2-AC19
Added Net: Name=P0.23
Added Pin To Net: NetName=P0.24 Pin=U2-AD20
Added Net: Name=P0.24
Added Pin To Net: NetName=P0.25 Pin=U2-AC21
Added Net: Name=P0.25
Added Pin To Net: NetName=P0.26 Pin=U2-G1
Added Net: Name=P0.26
Added Pin To Net: NetName=P0.27 Pin=U2-H2
Added Net: Name=P0.27
Added Pin To Net: NetName=P0.28/AIN4 Pin=U2-B11
Added Net: Name=P0.28/AIN4
Added Pin To Net: NetName=P0.29/AIN5 Pin=U2-A10
Added Net: Name=P0.29/AIN5
Added Pin To Net: NetName=P0.30/AIN6 Pin=U2-B9
Added Net: Name=P0.30/AIN6
Added Pin To Net: NetName=P0.31/AIN7 Pin=U2-A8
Added Net: Name=P0.31/AIN7
Added Pin To Net: NetName=P1.00 Pin=U2-AD22
Added Net: Name=P1.00
Added Pin To Net: NetName=P1.01 Pin=U2-Y23
Added Net: Name=P1.01
Added Pin To Net: NetName=P1.02 Pin=U2-W24
Added Net: Name=P1.02
Added Pin To Net: NetName=P1.03 Pin=U2-V23
Added Net: Name=P1.03
Added Pin To Net: NetName=P1.04 Pin=U2-U24
Added Net: Name=P1.04
Added Pin To Net: NetName=P1.05 Pin=U2-T23
Added Net: Name=P1.05
Added Pin To Net: NetName=P1.06 Pin=U2-R24
Added Net: Name=P1.06
Added Pin To Net: NetName=P1.07 Pin=U2-P23
Added Net: Name=P1.07
Added Pin To Net: NetName=P1.08 Pin=U2-P2
Added Net: Name=P1.08
Added Pin To Net: NetName=P1.09 Pin=U2-R1
Added Net: Name=P1.09
Added Pin To Net: NetName=P1.10 Pin=U2-A20
Added Net: Name=P1.10
Added Pin To Net: NetName=P1.11 Pin=U2-B19
Added Net: Name=P1.11
Added Pin To Net: NetName=P1.12 Pin=U2-B17
Added Net: Name=P1.12
Added Pin To Net: NetName=P1.13 Pin=U2-A16
Added Net: Name=P1.13
Added Pin To Net: NetName=P1.14 Pin=U2-B15
Added Net: Name=P1.14
Added Pin To Net: NetName=P1.15 Pin=U2-A14
Added Net: Name=P1.15
Added Pin To Net: NetName=RF Pin=C11-2
Added Pin To Net: NetName=RF Pin=L1-2
Added Net: Name=RF
Added Pin To Net: NetName=SWDCLK Pin=P2-3
Added Pin To Net: NetName=SWDCLK Pin=U2-AA24
Added Net: Name=SWDCLK
Added Pin To Net: NetName=SWDIO Pin=P2-2
Added Pin To Net: NetName=SWDIO Pin=U2-AC24
Added Net: Name=SWDIO
Added Pin To Net: NetName=VDD_NRF Pin=C6-1
Added Pin To Net: NetName=VDD_NRF Pin=C7-1
Added Pin To Net: NetName=VDD_NRF Pin=C13-1
Added Pin To Net: NetName=VDD_NRF Pin=C14-2
Added Pin To Net: NetName=VDD_NRF Pin=C15-1
Added Pin To Net: NetName=VDD_NRF Pin=C16-1
Added Pin To Net: NetName=VDD_NRF Pin=C17-1
Added Pin To Net: NetName=VDD_NRF Pin=P1-2
Added Pin To Net: NetName=VDD_NRF Pin=P2-4
Added Pin To Net: NetName=VDD_NRF Pin=U1-3
Added Pin To Net: NetName=VDD_NRF Pin=U1-7
Added Pin To Net: NetName=VDD_NRF Pin=U1-11
Added Pin To Net: NetName=VDD_NRF Pin=U2-A22
Added Pin To Net: NetName=VDD_NRF Pin=U2-AD14
Added Pin To Net: NetName=VDD_NRF Pin=U2-AD23
Added Pin To Net: NetName=VDD_NRF Pin=U2-B1
Added Pin To Net: NetName=VDD_NRF Pin=U2-W1
Added Pin To Net: NetName=VDD_NRF Pin=U2-Y2
Added Net: Name=VDD_NRF
Added Pin To Net: NetName=XC1 Pin=C4-1
Added Pin To Net: NetName=XC1 Pin=U2-B24
Added Pin To Net: NetName=XC1 Pin=X1-1
Added Net: Name=XC1
Added Pin To Net: NetName=XC2 Pin=C2-1
Added Pin To Net: NetName=XC2 Pin=U2-A23
Added Pin To Net: NetName=XC2 Pin=X1-3
Added Net: Name=XC2
Added Class: Name=nrf52840
Added Room: Name=nrf52840
