Added Component: Designator=C1(0402-A)
Added Component: Designator=C2(0402-A)
Added Component: Designator=C3(0402-A)
Added Component: Designator=C4(0402-A)
Added Component: Designator=C5(0402-A)
Added Component: Designator=C6(0402-A)
Added Component: Designator=C7(0402-A)
Added Component: Designator=C8(0402-A)
Added Component: Designator=C9(0402-A)
Added Component: Designator=C10(0402-A)
Added Component: Designator=C11(0402-A)
Added Component: Designator=C12(0402-A)
Added Component: Designator=C13(0603-1)
Added Component: Designator=C14(0402-a)
Added Component: Designator=C15(0402-A)
Added Component: Designator=C16(0402-A)
Added Component: Designator=C17(0402-a)
Added Component: Designator=C18(0402-A)
Added Component: Designator=C19(0402-A)
Added Component: Designator=L1(0402-A)
Added Component: Designator=L2(0402-A)
Added Component: Designator=P1(HDR1_2_1.25)
Added Component: Designator=P2(HDR1X4)
Added Component: Designator=R1(0402-A)
Added Component: Designator=R2(0402-A)
Added Component: Designator=R3(0402-A)
Added Component: Designator=R4(0402-A)
Added Component: Designator=U1(AQFN50P700X700X85_HS-74N)
Added Component: Designator=U2(mpu6050)
Added Component: Designator=X1(SMD3225)
Added Pin To Net: NetName=GND Pin=C1-1
Added Pin To Net: NetName=DEC4_6 Pin=C1-2
Added Pin To Net: NetName=XC2 Pin=C2-1
Added Pin To Net: NetName=GND Pin=C2-2
Added Pin To Net: NetName=GND Pin=C3-1
Added Pin To Net: NetName=NetC3_2 Pin=C3-2
Added Pin To Net: NetName=XC1 Pin=C4-1
Added Pin To Net: NetName=GND Pin=C4-2
Added Pin To Net: NetName=DEC1 Pin=C5-1
Added Pin To Net: NetName=GND Pin=C5-2
Added Pin To Net: NetName=VDD_NRF Pin=C6-1
Added Pin To Net: NetName=GND Pin=C6-2
Added Pin To Net: NetName=VDD_NRF Pin=C7-1
Added Pin To Net: NetName=GND Pin=C7-2
Added Pin To Net: NetName=DEC3 Pin=C8-1
Added Pin To Net: NetName=GND Pin=C8-2
Added Pin To Net: NetName=GND Pin=C9-1
Added Pin To Net: NetName=RF Pin=C9-2
Added Pin To Net: NetName=GND Pin=C10-1
Added Pin To Net: NetName=NetC3_2 Pin=C10-2
Added Pin To Net: NetName=GND Pin=C11-1
Added Pin To Net: NetName=RF Pin=C11-2
Added Pin To Net: NetName=NetC12_1 Pin=C12-1
Added Pin To Net: NetName=GND Pin=C12-2
Added Pin To Net: NetName=VDD_NRF Pin=C13-1
Added Pin To Net: NetName=GND Pin=C13-2
Added Pin To Net: NetName=VDD_NRF Pin=C14-1
Added Pin To Net: NetName=GND Pin=C14-2
Added Pin To Net: NetName=GND Pin=C15-1
Added Pin To Net: NetName=NetC15_2 Pin=C15-2
Added Pin To Net: NetName=GND Pin=C16-1
Added Pin To Net: NetName=VDD_NRF Pin=C16-2
Added Pin To Net: NetName=VDD_NRF Pin=C17-1
Added Pin To Net: NetName=GND Pin=C17-2
Added Pin To Net: NetName=GND Pin=C18-1
Added Pin To Net: NetName=NetC18_2 Pin=C18-2
Added Pin To Net: NetName=GND Pin=C19-1
Added Pin To Net: NetName=VDD_NRF Pin=C19-2
Added Pin To Net: NetName=NetC3_2 Pin=L1-1
Added Pin To Net: NetName=NetL1_2 Pin=L1-2
Added Pin To Net: NetName=NetL1_2 Pin=L2-1
Added Pin To Net: NetName=RF Pin=L2-2
Added Pin To Net: NetName=GND Pin=P1-1
Added Pin To Net: NetName=VDD_NRF Pin=P1-2
Added Pin To Net: NetName=GND Pin=P2-1
Added Pin To Net: NetName=SWDIO Pin=P2-2
Added Pin To Net: NetName=SWDCLK Pin=P2-3
Added Pin To Net: NetName=VDD_NRF Pin=P2-4
Added Pin To Net: NetName=P0.12 Pin=R1-1
Added Pin To Net: NetName=VDD_NRF Pin=R1-2
Added Pin To Net: NetName=VDD_NRF Pin=R2-1
Added Pin To Net: NetName=P0.13 Pin=R2-2
Added Pin To Net: NetName=NetR3_1 Pin=R3-1
Added Pin To Net: NetName=GND Pin=R3-2
Added Pin To Net: NetName=NetR4_1 Pin=R4-1
Added Pin To Net: NetName=P0.15 Pin=R4-2
Added Pin To Net: NetName=GND Pin=U1-74
Added Pin To Net: NetName=P0.31/AIN7 Pin=U1-A8
Added Pin To Net: NetName=P0.29/AIN5 Pin=U1-A10
Added Pin To Net: NetName=P0.02/AIN0 Pin=U1-A12
Added Pin To Net: NetName=P1.15 Pin=U1-A14
Added Pin To Net: NetName=P1.13 Pin=U1-A16
Added Pin To Net: NetName=P1.10 Pin=U1-A20
Added Pin To Net: NetName=VDD_NRF Pin=U1-A22
Added Pin To Net: NetName=XC2 Pin=U1-A23
Added Pin To Net: NetName=SWDCLK Pin=U1-AA24
Added Pin To Net: NetName=P0.14 Pin=U1-AC9
Added Pin To Net: NetName=P0.16 Pin=U1-AC11
Added Pin To Net: NetName=P0.18/RESET Pin=U1-AC13
Added Pin To Net: NetName=P0.19 Pin=U1-AC15
Added Pin To Net: NetName=P0.21 Pin=U1-AC17
Added Pin To Net: NetName=P0.23 Pin=U1-AC19
Added Pin To Net: NetName=P0.25 Pin=U1-AC21
Added Pin To Net: NetName=SWDIO Pin=U1-AC24
Added Pin To Net: NetName=GND Pin=U1-AD2
Added Pin To Net: NetName=P0.13 Pin=U1-AD8
Added Pin To Net: NetName=P0.15 Pin=U1-AD10
Added Pin To Net: NetName=P0.17 Pin=U1-AD12
Added Pin To Net: NetName=VDD_NRF Pin=U1-AD14
Added Pin To Net: NetName=P0.20 Pin=U1-AD16
Added Pin To Net: NetName=P0.22 Pin=U1-AD18
Added Pin To Net: NetName=P0.24 Pin=U1-AD20
Added Pin To Net: NetName=P1.00 Pin=U1-AD22
Added Pin To Net: NetName=VDD_NRF Pin=U1-AD23
Added Pin To Net: NetName=VDD_NRF Pin=U1-B1
Added Pin To Net: NetName=DEC4_6 Pin=U1-B5
Added Pin To Net: NetName=GND Pin=U1-B7
Added Pin To Net: NetName=P0.30/AIN6 Pin=U1-B9
Added Pin To Net: NetName=P0.28/AIN4 Pin=U1-B11
Added Pin To Net: NetName=P0.03/AIN1 Pin=U1-B13
Added Pin To Net: NetName=P1.14 Pin=U1-B15
Added Pin To Net: NetName=P1.12 Pin=U1-B17
Added Pin To Net: NetName=P1.11 Pin=U1-B19
Added Pin To Net: NetName=XC1 Pin=U1-B24
Added Pin To Net: NetName=DEC1 Pin=U1-C1
Added Pin To Net: NetName=DEC3 Pin=U1-D23
Added Pin To Net: NetName=DEC4_6 Pin=U1-E24
Added Pin To Net: NetName=GND Pin=U1-F23
Added Pin To Net: NetName=P0.26 Pin=U1-G1
Added Pin To Net: NetName=P0.27 Pin=U1-H2
Added Pin To Net: NetName=NetC3_2 Pin=U1-H23
Added Pin To Net: NetName=P0.04/AIN2 Pin=U1-J1
Added Pin To Net: NetName=P0.10/NFC2 Pin=U1-J24
Added Pin To Net: NetName=P0.05/AIN3 Pin=U1-K2
Added Pin To Net: NetName=P0.06 Pin=U1-L1
Added Pin To Net: NetName=P0.09/NFC1 Pin=U1-L24
Added Pin To Net: NetName=P0.07 Pin=U1-M2
Added Pin To Net: NetName=P0.08 Pin=U1-N1
Added Pin To Net: NetName=NetC12_1 Pin=U1-N24
Added Pin To Net: NetName=P1.08 Pin=U1-P2
Added Pin To Net: NetName=P1.07 Pin=U1-P23
Added Pin To Net: NetName=P1.09 Pin=U1-R1
Added Pin To Net: NetName=P1.06 Pin=U1-R24
Added Pin To Net: NetName=P0.11 Pin=U1-T2
Added Pin To Net: NetName=P1.05 Pin=U1-T23
Added Pin To Net: NetName=P0.12 Pin=U1-U1
Added Pin To Net: NetName=P1.04 Pin=U1-U24
Added Pin To Net: NetName=P1.03 Pin=U1-V23
Added Pin To Net: NetName=VDD_NRF Pin=U1-W1
Added Pin To Net: NetName=P1.02 Pin=U1-W24
Added Pin To Net: NetName=VDD_NRF Pin=U1-Y2
Added Pin To Net: NetName=P1.01 Pin=U1-Y23
Added Pin To Net: NetName=GND Pin=U2-1
Added Pin To Net: NetName=VDD_NRF Pin=U2-8
Added Pin To Net: NetName=NetR3_1 Pin=U2-9
Added Pin To Net: NetName=NetC18_2 Pin=U2-10
Added Pin To Net: NetName=GND Pin=U2-11
Added Pin To Net: NetName=NetR4_1 Pin=U2-12
Added Pin To Net: NetName=VDD_NRF Pin=U2-13
Added Pin To Net: NetName=GND Pin=U2-18
Added Pin To Net: NetName=NetC15_2 Pin=U2-20
Added Pin To Net: NetName=P0.13 Pin=U2-23
Added Pin To Net: NetName=P0.12 Pin=U2-24
Added Pin To Net: NetName=XC1 Pin=X1-1
Added Pin To Net: NetName=GND Pin=X1-2
Added Pin To Net: NetName=XC2 Pin=X1-3
Added Pin To Net: NetName=GND Pin=X1-4
Added Member To Class: ClassName=nrf52840 Member=Component C1 1.0¦ÌF
Added Member To Class: ClassName=nrf52840 Member=Component C2 12pF
Added Member To Class: ClassName=nrf52840 Member=Component C3 NC
Added Member To Class: ClassName=nrf52840 Member=Component C4 12pF
Added Member To Class: ClassName=nrf52840 Member=Component C5 100nF
Added Member To Class: ClassName=nrf52840 Member=Component C6 1.0¦ÌF
Added Member To Class: ClassName=nrf52840 Member=Component C7 100nF
Added Member To Class: ClassName=nrf52840 Member=Component C8 100pF
Added Member To Class: ClassName=nrf52840 Member=Component C9 NC
Added Member To Class: ClassName=nrf52840 Member=Component C10 NC
Added Member To Class: ClassName=nrf52840 Member=Component C11 NC
Added Member To Class: ClassName=nrf52840 Member=Component C12 820pF
Added Member To Class: ClassName=nrf52840 Member=Component C13 4.7¦ÌF
Added Member To Class: ClassName=nrf52840 Member=Component C14 100nF
Added Member To Class: ClassName=nrf52840 Member=Component C15 2.2nf
Added Member To Class: ClassName=nrf52840 Member=Component C16 0.1uF
Added Member To Class: ClassName=nrf52840 Member=Component C17 100nF
Added Member To Class: ClassName=nrf52840 Member=Component C18 0.1uF
Added Member To Class: ClassName=nrf52840 Member=Component C19 0.1uF
Added Member To Class: ClassName=nrf52840 Member=Component L1 NC
Added Member To Class: ClassName=nrf52840 Member=Component L2 NC
Added Member To Class: ClassName=nrf52840 Member=Component P1 Header 2
Added Member To Class: ClassName=nrf52840 Member=Component P2 Header 4
Added Member To Class: ClassName=nrf52840 Member=Component R1 4.7K
Added Member To Class: ClassName=nrf52840 Member=Component R2 4.7K
Added Member To Class: ClassName=nrf52840 Member=Component R3 4.7K
Added Member To Class: ClassName=nrf52840 Member=Component R4 0R
Added Member To Class: ClassName=nrf52840 Member=Component U1 nRF52840-QIAA
Added Member To Class: ClassName=nrf52840 Member=Component U2 mpu6050
Added Member To Class: ClassName=nrf52840 Member=Component X1 32MHz
Added Room: Name=nrf52840
